<?xml version="1.0" encoding="UTF-8"?>
<!-- Generated by org.testng.reporters.JUnitXMLReporter -->
<testsuite hostname="Reems-MacBook-Air.local" ignored="0" name="Critical Functionalities" tests="2" failures="1" timestamp="2022-08-13T13:17:08 CDT" time="52.886" errors="0">
  <testcase name="testAmazonSearch" time="23.819" classname="scripts.AmazonTest"/>
  <testcase name="testAmazonSearchFail" time="10.024" classname="scripts.AmazonTest">
    <failure type="java.lang.AssertionError" message="expected [true] but found [false]">
      <![CDATA[java.lang.AssertionError: expected [true] but found [false]
at scripts.AmazonTest.testAmazonSearchFail(AmazonTest.java:38)
at java.util.ArrayList.forEach(ArrayList.java:1259)
... Removed 34 stack frames]]>
    </failure>
  </testcase> <!-- testAmazonSearchFail -->
</testsuite> <!-- Critical Functionalities -->
