<?xml version="1.0" encoding="UTF-8"?>
<testng-results skipped="0" failed="1" ignored="0" total="2" passed="1">
  <reporter-output>
  </reporter-output>
  <suite name="A.2_Test" duration-ms="52886" started-at="2022-08-13T13:16:10 CDT" finished-at="2022-08-13T13:17:03 CDT">
    <groups>
    </groups>
    <test name="Critical Functionalities" duration-ms="52886" started-at="2022-08-13T13:16:10 CDT" finished-at="2022-08-13T13:17:03 CDT">
      <class name="scripts.AmazonTest">
        <test-method status="PASS" signature="setup()[pri:0, instance:scripts.AmazonTest@44c8afef]" name="setup" is-config="true" duration-ms="9218" started-at="2022-08-13T13:16:10 CDT" finished-at="2022-08-13T13:16:20 CDT">
          <reporter-output>
          </reporter-output>
        </test-method> <!-- setup -->
        <test-method status="PASS" signature="testAmazonSearch()[pri:0, instance:scripts.AmazonTest@44c8afef]" name="testAmazonSearch" duration-ms="23819" started-at="2022-08-13T13:16:20 CDT" description="A.1" finished-at="2022-08-13T13:16:43 CDT">
          <reporter-output>
          </reporter-output>
        </test-method> <!-- testAmazonSearch -->
        <test-method status="PASS" signature="teardown()[pri:0, instance:scripts.AmazonTest@44c8afef]" name="teardown" is-config="true" duration-ms="3720" started-at="2022-08-13T13:16:43 CDT" finished-at="2022-08-13T13:16:47 CDT">
          <reporter-output>
          </reporter-output>
        </test-method> <!-- teardown -->
        <test-method status="PASS" signature="setup()[pri:0, instance:scripts.AmazonTest@44c8afef]" name="setup" is-config="true" duration-ms="2514" started-at="2022-08-13T13:16:47 CDT" finished-at="2022-08-13T13:16:50 CDT">
          <reporter-output>
          </reporter-output>
        </test-method> <!-- setup -->
        <test-method status="FAIL" signature="testAmazonSearchFail()[pri:0, instance:scripts.AmazonTest@44c8afef]" name="testAmazonSearchFail" duration-ms="10024" started-at="2022-08-13T13:16:50 CDT" description="A.2" finished-at="2022-08-13T13:17:00 CDT">
          <exception class="java.lang.AssertionError">
            <message>
              <![CDATA[expected [true] but found [false]]]>
            </message>
            <full-stacktrace>
              <![CDATA[java.lang.AssertionError: expected [true] but found [false]
at org.testng.Assert.fail(Assert.java:97)
at org.testng.Assert.failNotEquals(Assert.java:969)
at org.testng.Assert.assertTrue(Assert.java:43)
at org.testng.Assert.assertTrue(Assert.java:53)
at scripts.AmazonTest.testAmazonSearchFail(AmazonTest.java:38)
at sun.reflect.NativeMethodAccessorImpl.invoke0(Native Method)
at sun.reflect.NativeMethodAccessorImpl.invoke(NativeMethodAccessorImpl.java:62)
at sun.reflect.DelegatingMethodAccessorImpl.invoke(DelegatingMethodAccessorImpl.java:43)
at java.lang.reflect.Method.invoke(Method.java:498)
at org.testng.internal.MethodInvocationHelper.invokeMethod(MethodInvocationHelper.java:134)
at org.testng.internal.TestInvoker.invokeMethod(TestInvoker.java:597)
at org.testng.internal.TestInvoker.invokeTestMethod(TestInvoker.java:173)
at org.testng.internal.MethodRunner.runInSequence(MethodRunner.java:46)
at org.testng.internal.TestInvoker$MethodInvocationAgent.invoke(TestInvoker.java:816)
at org.testng.internal.TestInvoker.invokeTestMethods(TestInvoker.java:146)
at org.testng.internal.TestMethodWorker.invokeTestMethods(TestMethodWorker.java:146)
at org.testng.internal.TestMethodWorker.run(TestMethodWorker.java:128)
at java.util.ArrayList.forEach(ArrayList.java:1259)
at org.testng.TestRunner.privateRun(TestRunner.java:766)
at org.testng.TestRunner.run(TestRunner.java:587)
at org.testng.SuiteRunner.runTest(SuiteRunner.java:384)
at org.testng.SuiteRunner.runSequentially(SuiteRunner.java:378)
at org.testng.SuiteRunner.privateRun(SuiteRunner.java:337)
at org.testng.SuiteRunner.run(SuiteRunner.java:286)
at org.testng.SuiteRunnerWorker.runSuite(SuiteRunnerWorker.java:53)
at org.testng.SuiteRunnerWorker.run(SuiteRunnerWorker.java:96)
at org.testng.TestNG.runSuitesSequentially(TestNG.java:1187)
at org.testng.TestNG.runSuitesLocally(TestNG.java:1109)
at org.testng.TestNG.runSuites(TestNG.java:1039)
at org.testng.TestNG.run(TestNG.java:1007)
at org.apache.maven.surefire.testng.TestNGExecutor.run(TestNGExecutor.java:281)
at org.apache.maven.surefire.testng.TestNGXmlTestSuite.execute(TestNGXmlTestSuite.java:75)
at org.apache.maven.surefire.testng.TestNGProvider.invoke(TestNGProvider.java:121)
at org.apache.maven.surefire.booter.ForkedBooter.invokeProviderInSameClassLoader(ForkedBooter.java:290)
at org.apache.maven.surefire.booter.ForkedBooter.runSuitesInProcess(ForkedBooter.java:242)
at org.apache.maven.surefire.booter.ForkedBooter.main(ForkedBooter.java:121)
]]>
            </full-stacktrace>
          </exception> <!-- java.lang.AssertionError -->
          <reporter-output>
          </reporter-output>
        </test-method> <!-- testAmazonSearchFail -->
        <test-method status="PASS" signature="teardown()[pri:0, instance:scripts.AmazonTest@44c8afef]" name="teardown" is-config="true" duration-ms="3491" started-at="2022-08-13T13:17:00 CDT" finished-at="2022-08-13T13:17:03 CDT">
          <reporter-output>
          </reporter-output>
        </test-method> <!-- teardown -->
      </class> <!-- scripts.AmazonTest -->
    </test> <!-- Critical Functionalities -->
  </suite> <!-- A.2_Test -->
</testng-results>
